2024-06-28 03:42:17 - Începem monitorizarea capabilităților.
2024-06-28 03:42:17 /home/dragos/Desktop/Practica/File_Monitoring/monitorized_directory/test_file cap_net_bind_service=ep
2024-06-28 03:44:17 /home/dragos/Desktop/Practica/File_Monitoring/monitorized_directory/dsadsa (3rd copy) cap_sys_admin=eip
2024-06-28 03:44:17 /home/dragos/Desktop/Practica/File_Monitoring/monitorized_directory/dsadsa cap_sys_chroot=eip
2024-06-28 03:44:17 /home/dragos/Desktop/Practica/File_Monitoring/monitorized_directory/dsadsa (4th copy) cap_dac_override=eip
2024-06-28 03:45:17 /home/dragos/Desktop/Practica/File_Monitoring/monitorized_directory/dsadsa (copy) cap_chown=eip
2024-06-28 03:45:17 /home/dragos/Desktop/Practica/File_Monitoring/monitorized_directory/dsadsa (3rd copy) cap_sys_admin=eip
2024-06-28 03:45:17 /home/dragos/Desktop/Practica/File_Monitoring/monitorized_directory/test_file cap_fowner=eip
2024-06-28 03:45:17 /home/dragos/Desktop/Practica/File_Monitoring/monitorized_directory/dsadsa (6th copy) cap_setgid=eip
2024-06-28 03:45:17 /home/dragos/Desktop/Practica/File_Monitoring/monitorized_directory/test_file (another copy) cap_kill=eip
2024-06-28 03:45:17 /home/dragos/Desktop/Practica/File_Monitoring/monitorized_directory/dsadsa (5th copy) cap_setuid=eip
2024-06-28 03:45:17 /home/dragos/Desktop/Practica/File_Monitoring/monitorized_directory/dsadsa cap_sys_chroot=eip
2024-06-28 03:45:17 /home/dragos/Desktop/Practica/File_Monitoring/monitorized_directory/dsadsa (4th copy) cap_dac_override=eip
2024-06-28 03:45:17 /home/dragos/Desktop/Practica/File_Monitoring/monitorized_directory/test_file (copy) cap_ipc_lock=eip
2024-06-28 03:45:17 /home/dragos/Desktop/Practica/File_Monitoring/monitorized_directory/dsadsa (another copy) cap_audit_write=eip
2024-06-28 03:46:17 /home/dragos/Desktop/Practica/File_Monitoring/monitorized_directory/dsadsa (copy) cap_chown=eip
2024-06-28 03:46:17 /home/dragos/Desktop/Practica/File_Monitoring/monitorized_directory/dsadsa (3rd copy) cap_sys_admin=eip
2024-06-28 03:46:17 /home/dragos/Desktop/Practica/File_Monitoring/monitorized_directory/test_file cap_fowner=eip
2024-06-28 03:46:17 /home/dragos/Desktop/Practica/File_Monitoring/monitorized_directory/dsadsa (6th copy) cap_setgid=eip
2024-06-28 03:46:17 /home/dragos/Desktop/Practica/File_Monitoring/monitorized_directory/test_file (another copy) cap_kill=eip
2024-06-28 03:46:17 /home/dragos/Desktop/Practica/File_Monitoring/monitorized_directory/dsadsa (5th copy) cap_setuid=eip
2024-06-28 03:42:17 /home/dragos/Desktop/Practica/File_Monitoring/monitorized_directory/test_file cap_net_bind_service=ep
2024-06-28 03:42:17 /home/dragos/Desktop/Practica/File_Monitoring/monitorized_directory/test_file cap_net_bind_service=ep
2024-06-28 03:46:17 /home/dragos/Desktop/Practica/File_Monitoring/monitorized_directory/dsadsa cap_sys_chroot=eip
2024-06-28 03:42:17 /home/dragos/Desktop/Practica/File_Monitoring/monitorized_directory/test_file cap_net_bind_service=ep
2024-06-28 03:42:17 /home/dragos/Desktop/Practica/File_Monitoring/monitorized_directory/test_file cap_net_bind_service=ep
2024-06-28 03:42:17 /home/dragos/Desktop/Practica/File_Monitoring/monitorized_directory/test_file cap_net_bind_service=ep
2024-06-28 03:46:17 /home/dragos/Desktop/Practica/File_Monitoring/monitorized_directory/dsadsa (4th copy) cap_dac_override=eip
2024-06-28 03:46:17 /home/dragos/Desktop/Practica/File_Monitoring/monitorized_directory/test_file (copy) cap_ipc_lock=eip
2024-06-28 03:46:17 /home/dragos/Desktop/Practica/File_Monitoring/monitorized_directory/dsadsa (another copy) cap_audit_write=eip
2024-06-28 03:47:17 /home/dragos/Desktop/Practica/File_Monitoring/monitorized_directory/dsadsa (copy) cap_chown=eip
2024-06-28 03:47:17 /home/dragos/Desktop/Practica/File_Monitoring/monitorized_directory/dsadsa (3rd copy) cap_sys_admin=eip
2024-06-28 03:47:17 /home/dragos/Desktop/Practica/File_Monitoring/monitorized_directory/test_file cap_fowner=eip
2024-06-28 03:47:17 /home/dragos/Desktop/Practica/File_Monitoring/monitorized_directory/dsadsa (6th copy) cap_setgid=eip
2024-06-28 03:47:17 /home/dragos/Desktop/Practica/File_Monitoring/monitorized_directory/test_file (another copy) cap_kill=eip
2024-06-28 03:47:17 /home/dragos/Desktop/Practica/File_Monitoring/monitorized_directory/dsadsa (5th copy) cap_setuid=eip
2024-06-28 03:47:17 /home/dragos/Desktop/Practica/File_Monitoring/monitorized_directory/dsadsa cap_sys_chroot=eip
2024-06-28 03:47:17 /home/dragos/Desktop/Practica/File_Monitoring/monitorized_directory/dsadsa (4th copy) cap_dac_override=eip
2024-06-28 03:47:17 /home/dragos/Desktop/Practica/File_Monitoring/monitorized_directory/test_file (copy) cap_ipc_lock=eip
2024-06-28 03:47:17 /home/dragos/Desktop/Practica/File_Monitoring/monitorized_directory/dsadsa (another copy) cap_audit_write=eip
2024-06-28 03:48:17 /home/dragos/Desktop/Practica/File_Monitoring/monitorized_directory/dsadsa (copy) cap_chown=eip
2024-06-28 03:48:17 /home/dragos/Desktop/Practica/File_Monitoring/monitorized_directory/dsadsa (3rd copy) cap_sys_admin=eip
2024-06-28 03:48:17 /home/dragos/Desktop/Practica/File_Monitoring/monitorized_directory/test_file cap_fowner=eip
2024-06-28 03:48:17 /home/dragos/Desktop/Practica/File_Monitoring/monitorized_directory/dsadsa (6th copy) cap_setgid=eip
2024-06-28 03:48:17 /home/dragos/Desktop/Practica/File_Monitoring/monitorized_directory/test_file (another copy) cap_kill=eip
2024-06-28 03:48:17 /home/dragos/Desktop/Practica/File_Monitoring/monitorized_directory/dsadsa (5th copy) cap_setuid=eip
2024-06-28 03:48:17 /home/dragos/Desktop/Practica/File_Monitoring/monitorized_directory/dsadsa cap_sys_chroot=eip
2024-06-28 03:48:17 /home/dragos/Desktop/Practica/File_Monitoring/monitorized_directory/dsadsa (4th copy) cap_dac_override=eip
2024-06-28 03:48:17 /home/dragos/Desktop/Practica/File_Monitoring/monitorized_directory/test_file (copy) cap_ipc_lock=eip
2024-06-28 03:48:17 /home/dragos/Desktop/Practica/File_Monitoring/monitorized_directory/dsadsa (another copy) cap_audit_write=eip
2024-06-28 03:49:17 /home/dragos/Desktop/Practica/File_Monitoring/monitorized_directory/dsadsa (copy) cap_chown=eip
2024-06-28 03:49:17 /home/dragos/Desktop/Practica/File_Monitoring/monitorized_directory/dsadsa (3rd copy) cap_sys_admin=eip
2024-06-28 03:49:17 /home/dragos/Desktop/Practica/File_Monitoring/monitorized_directory/test_file cap_fowner=eip
2024-06-28 03:49:17 /home/dragos/Desktop/Practica/File_Monitoring/monitorized_directory/dsadsa (6th copy) cap_setgid=eip
2024-06-28 03:49:17 /home/dragos/Desktop/Practica/File_Monitoring/monitorized_directory/test_file (another copy) cap_kill=eip
2024-06-28 03:49:17 /home/dragos/Desktop/Practica/File_Monitoring/monitorized_directory/dsadsa (5th copy) cap_setuid=eip
2024-06-28 03:49:17 /home/dragos/Desktop/Practica/File_Monitoring/monitorized_directory/dsadsa cap_sys_chroot=eip
2024-06-28 03:49:17 /home/dragos/Desktop/Practica/File_Monitoring/monitorized_directory/dsadsa (4th copy) cap_dac_override=eip
2024-06-28 03:49:17 /home/dragos/Desktop/Practica/File_Monitoring/monitorized_directory/test_file (copy) cap_ipc_lock=eip
2024-06-28 03:49:17 /home/dragos/Desktop/Practica/File_Monitoring/monitorized_directory/dsadsa (another copy) cap_audit_write=eip
2024-06-28 03:50:17 /home/dragos/Desktop/Practica/File_Monitoring/monitorized_directory/dsadsa (copy) cap_chown=eip
2024-06-28 03:50:17 /home/dragos/Desktop/Practica/File_Monitoring/monitorized_directory/dsadsa (3rd copy) cap_sys_admin=eip
2024-06-28 03:50:17 /home/dragos/Desktop/Practica/File_Monitoring/monitorized_directory/test_file cap_fowner=eip
2024-06-28 03:50:17 /home/dragos/Desktop/Practica/File_Monitoring/monitorized_directory/dsadsa (6th copy) cap_setgid=eip
2024-06-28 03:50:17 /home/dragos/Desktop/Practica/File_Monitoring/monitorized_directory/test_file (another copy) cap_kill=eip
2024-06-28 03:50:17 /home/dragos/Desktop/Practica/File_Monitoring/monitorized_directory/dsadsa (5th copy) cap_setuid=eip
2024-06-28 03:50:17 /home/dragos/Desktop/Practica/File_Monitoring/monitorized_directory/dsadsa cap_sys_chroot=eip
2024-06-28 03:50:17 /home/dragos/Desktop/Practica/File_Monitoring/monitorized_directory/dsadsa (4th copy) cap_dac_override=eip
2024-06-28 03:50:17 /home/dragos/Desktop/Practica/File_Monitoring/monitorized_directory/test_file (copy) cap_ipc_lock=eip
2024-06-28 03:50:17 /home/dragos/Desktop/Practica/File_Monitoring/monitorized_directory/dsadsa (another copy) cap_audit_write=eip
2024-06-28 03:51:17 /home/dragos/Desktop/Practica/File_Monitoring/monitorized_directory/dsadsa (copy) cap_chown=eip
2024-06-28 03:51:17 /home/dragos/Desktop/Practica/File_Monitoring/monitorized_directory/dsadsa (3rd copy) cap_sys_admin=eip
2024-06-28 03:51:17 /home/dragos/Desktop/Practica/File_Monitoring/monitorized_directory/test_file cap_fowner=eip
2024-06-28 03:51:17 /home/dragos/Desktop/Practica/File_Monitoring/monitorized_directory/dsadsa (6th copy) cap_setgid=eip
2024-06-28 03:51:17 /home/dragos/Desktop/Practica/File_Monitoring/monitorized_directory/test_file (another copy) cap_kill=eip
2024-06-28 03:51:17 /home/dragos/Desktop/Practica/File_Monitoring/monitorized_directory/dsadsa (5th copy) cap_setuid=eip
2024-06-28 03:51:17 /home/dragos/Desktop/Practica/File_Monitoring/monitorized_directory/dsadsa cap_sys_chroot=eip
2024-06-28 03:51:17 /home/dragos/Desktop/Practica/File_Monitoring/monitorized_directory/dsadsa (4th copy) cap_dac_override=eip
2024-06-28 03:51:17 /home/dragos/Desktop/Practica/File_Monitoring/monitorized_directory/test_file (copy) cap_ipc_lock=eip
2024-06-28 03:51:17 /home/dragos/Desktop/Practica/File_Monitoring/monitorized_directory/dsadsa (another copy) cap_audit_write=eip
2024-06-28 03:52:17 /home/dragos/Desktop/Practica/File_Monitoring/monitorized_directory/dsadsa (copy) cap_chown=eip
2024-06-28 03:52:17 /home/dragos/Desktop/Practica/File_Monitoring/monitorized_directory/dsadsa (3rd copy) cap_sys_admin=eip
2024-06-28 03:52:17 /home/dragos/Desktop/Practica/File_Monitoring/monitorized_directory/test_file cap_fowner=eip
2024-06-28 03:52:17 /home/dragos/Desktop/Practica/File_Monitoring/monitorized_directory/dsadsa (6th copy) cap_setgid=eip
2024-06-28 03:52:17 /home/dragos/Desktop/Practica/File_Monitoring/monitorized_directory/test_file (another copy) cap_kill=eip
2024-06-28 03:52:17 /home/dragos/Desktop/Practica/File_Monitoring/monitorized_directory/dsadsa (5th copy) cap_setuid=eip
2024-06-28 03:52:17 /home/dragos/Desktop/Practica/File_Monitoring/monitorized_directory/dsadsa cap_sys_chroot=eip
2024-06-28 03:52:17 /home/dragos/Desktop/Practica/File_Monitoring/monitorized_directory/dsadsa (4th copy) cap_dac_override=eip
2024-06-28 03:52:17 /home/dragos/Desktop/Practica/File_Monitoring/monitorized_directory/test_file (copy) cap_ipc_lock=eip
2024-06-28 03:52:17 /home/dragos/Desktop/Practica/File_Monitoring/monitorized_directory/dsadsa (another copy) cap_audit_write=eip
2024-06-28 03:53:17 /home/dragos/Desktop/Practica/File_Monitoring/monitorized_directory/dsadsa (copy) cap_chown=eip
2024-06-28 03:53:17 /home/dragos/Desktop/Practica/File_Monitoring/monitorized_directory/dsadsa (3rd copy) cap_sys_admin=eip
2024-06-28 03:53:17 /home/dragos/Desktop/Practica/File_Monitoring/monitorized_directory/test_file cap_fowner=eip
2024-06-28 03:53:17 /home/dragos/Desktop/Practica/File_Monitoring/monitorized_directory/dsadsa (6th copy) cap_setgid=eip
2024-06-28 03:53:17 /home/dragos/Desktop/Practica/File_Monitoring/monitorized_directory/test_file (another copy) cap_kill=eip
2024-06-28 03:53:17 /home/dragos/Desktop/Practica/File_Monitoring/monitorized_directory/dsadsa (5th copy) cap_setuid=eip
2024-06-28 03:53:17 /home/dragos/Desktop/Practica/File_Monitoring/monitorized_directory/dsadsa cap_sys_chroot=eip
2024-06-28 03:53:17 /home/dragos/Desktop/Practica/File_Monitoring/monitorized_directory/dsadsa (4th copy) cap_dac_override=eip
2024-06-28 03:53:17 /home/dragos/Desktop/Practica/File_Monitoring/monitorized_directory/test_file (copy) cap_ipc_lock=eip
2024-06-28 03:53:17 /home/dragos/Desktop/Practica/File_Monitoring/monitorized_directory/dsadsa (another copy) cap_audit_write=eip
2024-06-28 03:54:17 /home/dragos/Desktop/Practica/File_Monitoring/monitorized_directory/dsadsa (copy) cap_chown=eip
2024-06-28 03:54:17 /home/dragos/Desktop/Practica/File_Monitoring/monitorized_directory/dsadsa (3rd copy) cap_sys_admin=eip
2024-06-28 03:54:17 /home/dragos/Desktop/Practica/File_Monitoring/monitorized_directory/test_file cap_fowner=eip
2024-06-28 03:54:17 /home/dragos/Desktop/Practica/File_Monitoring/monitorized_directory/dsadsa (6th copy) cap_setgid=eip
2024-06-28 03:54:17 /home/dragos/Desktop/Practica/File_Monitoring/monitorized_directory/test_file (another copy) cap_kill=eip
2024-06-28 03:54:17 /home/dragos/Desktop/Practica/File_Monitoring/monitorized_directory/dsadsa (5th copy) cap_setuid=eip
2024-06-28 03:54:17 /home/dragos/Desktop/Practica/File_Monitoring/monitorized_directory/dsadsa cap_sys_chroot=eip
2024-06-28 03:54:17 /home/dragos/Desktop/Practica/File_Monitoring/monitorized_directory/dsadsa (4th copy) cap_dac_override=eip
2024-06-28 03:54:17 /home/dragos/Desktop/Practica/File_Monitoring/monitorized_directory/test_file (copy) cap_ipc_lock=eip
2024-06-28 03:54:17 /home/dragos/Desktop/Practica/File_Monitoring/monitorized_directory/dsadsa (another copy) cap_audit_write=eip
2024-06-28 03:55:17 /home/dragos/Desktop/Practica/File_Monitoring/monitorized_directory/dsadsa (copy) cap_chown=eip
2024-06-28 03:55:17 /home/dragos/Desktop/Practica/File_Monitoring/monitorized_directory/dsadsa (3rd copy) cap_sys_admin=eip
2024-06-28 03:55:17 /home/dragos/Desktop/Practica/File_Monitoring/monitorized_directory/test_file cap_fowner=eip
2024-06-28 03:55:17 /home/dragos/Desktop/Practica/File_Monitoring/monitorized_directory/dsadsa (6th copy) cap_setgid=eip
2024-06-28 03:55:17 /home/dragos/Desktop/Practica/File_Monitoring/monitorized_directory/test_file (another copy) cap_kill=eip
2024-06-28 03:55:17 /home/dragos/Desktop/Practica/File_Monitoring/monitorized_directory/dsadsa (5th copy) cap_setuid=eip
2024-06-28 03:55:17 /home/dragos/Desktop/Practica/File_Monitoring/monitorized_directory/dsadsa cap_sys_chroot=eip
2024-06-28 03:55:17 /home/dragos/Desktop/Practica/File_Monitoring/monitorized_directory/dsadsa (4th copy) cap_dac_override=eip
2024-06-28 03:55:17 /home/dragos/Desktop/Practica/File_Monitoring/monitorized_directory/test_file (copy) cap_ipc_lock=eip
2024-06-28 03:55:17 /home/dragos/Desktop/Practica/File_Monitoring/monitorized_directory/dsadsa (another copy) cap_audit_write=eip
2024-06-28 03:56:17 /home/dragos/Desktop/Practica/File_Monitoring/monitorized_directory/dsadsa (copy) cap_chown=eip
2024-06-28 03:56:17 /home/dragos/Desktop/Practica/File_Monitoring/monitorized_directory/dsadsa (3rd copy) cap_sys_admin=eip
2024-06-28 03:56:17 /home/dragos/Desktop/Practica/File_Monitoring/
