2024-06-19 11:27:48/home/dragos/Desktop/practica/File_Monitoring/monitorized_directory/ CREATED
2024-06-19 11:27:48/home/dragos/Desktop/practica/File_Monitoring/monitorized_directory/ ATTRIBUTE_CHANGED
2024-06-19 11:27:48/home/dragos/Desktop/practica/File_Monitoring/monitorized_directory/dsad ATTRIBUTE_CHANGED
2024-06-19 11:27:48/home/dragos/Desktop/practica/File_Monitoring/monitorized_directory/ ATTRIBUTE_CHANGED
2024-06-19 11:27:48/home/dragos/Desktop/practica/File_Monitoring/monitorized_directory/dsad ATTRIBUTE_CHANGED
2024-06-19 11:27:48/home/dragos/Desktop/practica/File_Monitoring/monitorized_directory/ ATTRIBUTE_CHANGED
2024-06-19 11:27:48/home/dragos/Desktop/practica/File_Monitoring/monitorized_directory/ CREATED
2024-06-19 11:27:48/home/dragos/Desktop/practica/File_Monitoring/monitorized_directory/ CREATED
2024-06-19 11:27:48/home/dragos/Desktop/practica/File_Monitoring/monitorized_directory/dsad ATTRIBUTE_CHANGED
2024-06-19 11:27:48/home/dragos/Desktop/practica/File_Monitoring/monitorized_directory/ CREATED
2024-06-19 11:27:48/home/dragos/Desktop/practica/File_Monitoring/monitorized_directory/ CREATED
2024-06-19 11:27:48/home/dragos/Desktop/practica/File_Monitoring/monitorized_directory/ CREATED
2024-06-19 11:27:50/home/dragos/Desktop/practica/File_Monitoring/monitorized_directory/dsad CREATED
2024-06-19 11:27:50/home/dragos/Desktop/practica/File_Monitoring/monitorized_directory/dsad MODIFIED
2024-06-19 11:27:50/home/dragos/Desktop/practica/File_Monitoring/monitorized_directory/dsad ATTRIBUTE_CHANGED
2024-06-19 11:27:50/home/dragos/Desktop/practica/File_Monitoring/monitorized_directory/dsad ATTRIBUTE_CHANGED
2024-06-19 11:27:55/home/dragos/Desktop/practica/File_Monitoring/monitorized_directory/dsad CREATED
2024-06-19 11:27:55/home/dragos/Desktop/practica/File_Monitoring/monitorized_directory/dsad ATTRIBUTE_CHANGED
2024-06-19 11:27:55/home/dragos/Desktop/practica/File_Monitoring/monitorized_directory/dsad MODIFIED
2024-06-19 11:27:55/home/dragos/Desktop/practica/File_Monitoring/monitorized_directory/dsad MODIFIED
2024-06-19 11:27:55/home/dragos/Desktop/practica/File_Monitoring/monitorized_directory/dsad MODIFIED
2024-06-19 11:27:57/home/dragos/Desktop/practica/File_Monitoring/monitorized_directory/dsad DELETED
2024-06-19 11:27:57/home/dragos/Desktop/practica/File_Monitoring/monitorized_directory/dsad CREATED
2024-06-19 11:27:57/home/dragos/Desktop/practica/File_Monitoring/monitorized_directory/dsad ATTRIBUTE_CHANGED
2024-06-19 11:27:57/home/dragos/Desktop/practica/File_Monitoring/monitorized_directory/dsad MODIFIED
2024-06-19 11:27:57/home/dragos/Desktop/practica/File_Monitoring/monitorized_directory/dsad MODIFIED
2024-06-19 11:27:57/home/dragos/Desktop/practica/File_Monitoring/monitorized_directory/dsad DELETED
